{"name": "При создании нового заказа счетчик Выполнено за все время/сегодня увеличивается", "status": "broken", "statusDetails": {"message": "selenium.common.exceptions.TimeoutException: Message: \nStacktrace:\n#0 0x635fc429ae23 <unknown>\n#1 0x635fc3fc37a7 <unknown>\n#2 0x635fc40021d3 <unknown>\n#3 0x635fc40022c1 <unknown>\n#4 0x635fc403da04 <unknown>\n#5 0x635fc402303d <unknown>\n#6 0x635fc403b369 <unknown>\n#7 0x635fc4022de3 <unknown>\n#8 0x635fc3ff6a7b <unknown>\n#9 0x635fc3ff781e <unknown>\n#10 0x635fc425c638 <unknown>\n#11 0x635fc4260507 <unknown>\n#12 0x635fc426ac4c <unknown>\n#13 0x635fc4261136 <unknown>\n#14 0x635fc422f9cf <unknown>\n#15 0x635fc4284b98 <unknown>\n#16 0x635fc4284d68 <unknown>\n#17 0x635fc4293cb3 <unknown>\n#18 0x728552e94ac3 <unknown>", "trace": "self = <test_order_page.TestOrderPage object at 0x75310270f520>\ndriver = <selenium.webdriver.chrome.webdriver.WebDriver (session=\"cd23256010aa5b5577920b04929192f0\")>\n\n    @allure.title('При создании нового заказа счетчик Выполнено за все время/сегодня увеличивается')\n    def test_count_orders(self, driver):\n        main_page = MainPage(driver)\n        main_page.open_main_page()\n        main_page.wait_and_click_account_button()\n        login_page = LoginPage(driver)\n        login_page.login_account(Data.data)\n        main_page.click_order_list_button()\n        order_page = OrderPage(driver)\n>       all_orders = order_page.get_count_all_orders()\n\ntests/test_order_page.py:46: \n_ _ _ _ _ _ _ _ _ _ _ _ _ _ _ _ _ _ _ _ _ _ _ _ _ _ _ _ _ _ _ _ _ _ _ _ _ _ _ _ \npages/order_page.py:20: in get_count_all_orders\n    self.wait_element(OrderListPageLocators.ALL_ORDERS_COUNT)\npages/base_page.py:32: in wait_element\n    WebDriverWait(self.driver, 20).until(expected_conditions.visibility_of_element_located(locator))\n_ _ _ _ _ _ _ _ _ _ _ _ _ _ _ _ _ _ _ _ _ _ _ _ _ _ _ _ _ _ _ _ _ _ _ _ _ _ _ _ \n\nself = <selenium.webdriver.support.wait.WebDriverWait (session=\"cd23256010aa5b5577920b04929192f0\")>\nmethod = <function visibility_of_element_located.<locals>._predicate at 0x753102fee7a0>\nmessage = ''\n\n    def until(self, method: Callable[[D], Union[Literal[False], T]], message: str = \"\") -> T:\n        \"\"\"Calls the method provided with the driver as an argument until the \\\n        return value does not evaluate to ``False``.\n    \n        :param method: callable(WebDriver)\n        :param message: optional message for :exc:`TimeoutException`\n        :returns: the result of the last call to `method`\n        :raises: :exc:`selenium.common.exceptions.TimeoutException` if timeout occurs\n        \"\"\"\n        screen = None\n        stacktrace = None\n    \n        end_time = time.monotonic() + self._timeout\n        while True:\n            try:\n                value = method(self._driver)\n                if value:\n                    return value\n            except self._ignored_exceptions as exc:\n                screen = getattr(exc, \"screen\", None)\n                stacktrace = getattr(exc, \"stacktrace\", None)\n            time.sleep(self._poll)\n            if time.monotonic() > end_time:\n                break\n>       raise TimeoutException(message, screen, stacktrace)\nE       selenium.common.exceptions.TimeoutException: Message: \nE       Stacktrace:\nE       #0 0x635fc429ae23 <unknown>\nE       #1 0x635fc3fc37a7 <unknown>\nE       #2 0x635fc40021d3 <unknown>\nE       #3 0x635fc40022c1 <unknown>\nE       #4 0x635fc403da04 <unknown>\nE       #5 0x635fc402303d <unknown>\nE       #6 0x635fc403b369 <unknown>\nE       #7 0x635fc4022de3 <unknown>\nE       #8 0x635fc3ff6a7b <unknown>\nE       #9 0x635fc3ff781e <unknown>\nE       #10 0x635fc425c638 <unknown>\nE       #11 0x635fc4260507 <unknown>\nE       #12 0x635fc426ac4c <unknown>\nE       #13 0x635fc4261136 <unknown>\nE       #14 0x635fc422f9cf <unknown>\nE       #15 0x635fc4284b98 <unknown>\nE       #16 0x635fc4284d68 <unknown>\nE       #17 0x635fc4293cb3 <unknown>\nE       #18 0x728552e94ac3 <unknown>\n\n/home/user/.local/lib/python3.10/site-packages/selenium/webdriver/support/wait.py:105: TimeoutException"}, "steps": [{"name": "Открыть главную страницу Stellar Burgers", "status": "passed", "start": 1721928538979, "stop": 1721928541280}, {"name": "Дождаться и нажать на кнопку Личный кабинет", "status": "passed", "start": 1721928541280, "stop": 1721928541420}, {"name": "Авторизация", "status": "passed", "steps": [{"name": "Ввести почту", "status": "passed", "parameters": [{"name": "email", "value": "'dmitriev_ilya_6_024@gmail.com'"}], "start": 1721928541420, "stop": 1721928541493}, {"name": "Ввести пароль", "status": "passed", "parameters": [{"name": "password", "value": "'123456'"}], "start": 1721928541493, "stop": 1721928541542}, {"name": "Клик на кнопку Войти", "status": "passed", "start": 1721928541542, "stop": 1721928541597}], "parameters": [{"name": "user", "value": "{'name': 'Ilya', 'email': 'dmitriev_ilya_6_024@gmail.com', 'password': '123456'}"}], "start": 1721928541420, "stop": 1721928541597}, {"name": "Клик на кнопку Лента заказов", "status": "passed", "start": 1721928541597, "stop": 1721928541653}, {"name": "Количество заказов за все время", "status": "broken", "statusDetails": {"message": "selenium.common.exceptions.TimeoutException: Message: \nStacktrace:\n#0 0x635fc429ae23 <unknown>\n#1 0x635fc3fc37a7 <unknown>\n#2 0x635fc40021d3 <unknown>\n#3 0x635fc40022c1 <unknown>\n#4 0x635fc403da04 <unknown>\n#5 0x635fc402303d <unknown>\n#6 0x635fc403b369 <unknown>\n#7 0x635fc4022de3 <unknown>\n#8 0x635fc3ff6a7b <unknown>\n#9 0x635fc3ff781e <unknown>\n#10 0x635fc425c638 <unknown>\n#11 0x635fc4260507 <unknown>\n#12 0x635fc426ac4c <unknown>\n#13 0x635fc4261136 <unknown>\n#14 0x635fc422f9cf <unknown>\n#15 0x635fc4284b98 <unknown>\n#16 0x635fc4284d68 <unknown>\n#17 0x635fc4293cb3 <unknown>\n#18 0x728552e94ac3 <unknown>\n\n", "trace": "  File \"/home/user/.local/lib/python3.10/site-packages/allure_commons/_allure.py\", line 192, in impl\n    return func(*a, **kw)\n  File \"/tmp/e/Диплом Дмитриев/Diplom_3-develop3/pages/order_page.py\", line 20, in get_count_all_orders\n    self.wait_element(OrderListPageLocators.ALL_ORDERS_COUNT)\n  File \"/tmp/e/Диплом Дмитриев/Diplom_3-develop3/pages/base_page.py\", line 32, in wait_element\n    WebDriverWait(self.driver, 20).until(expected_conditions.visibility_of_element_located(locator))\n  File \"/home/user/.local/lib/python3.10/site-packages/selenium/webdriver/support/wait.py\", line 105, in until\n    raise TimeoutException(message, screen, stacktrace)\n"}, "start": 1721928541654, "stop": 1721928562036}], "parameters": [{"name": "driver", "value": "'chrome'"}], "start": 1721928538979, "stop": 1721928562036, "uuid": "ebce637e-6a6e-4afc-b896-54339408ef61", "historyId": "c652614e42bd195e0e2eb7cdfa42c21d", "testCaseId": "a1e722c1154b514c26cba63c8caccba1", "fullName": "tests.test_order_page.TestOrderPage#test_count_orders", "labels": [{"name": "parentSuite", "value": "tests"}, {"name": "suite", "value": "test_order_page"}, {"name": "subSuite", "value": "TestOrderPage"}, {"name": "host", "value": "user"}, {"name": "thread", "value": "7908-MainThread"}, {"name": "framework", "value": "pytest"}, {"name": "language", "value": "cpython3"}, {"name": "package", "value": "tests.test_order_page"}]}