{"name": "Выход из аккаунта", "status": "broken", "statusDetails": {"message": "selenium.common.exceptions.TimeoutException: Message: \nStacktrace:\n#0 0x5fb8401a9e23 <unknown>\n#1 0x5fb83fed27a7 <unknown>\n#2 0x5fb83ff111d3 <unknown>\n#3 0x5fb83ff112c1 <unknown>\n#4 0x5fb83ff4ca04 <unknown>\n#5 0x5fb83ff3203d <unknown>\n#6 0x5fb83ff4a369 <unknown>\n#7 0x5fb83ff31de3 <unknown>\n#8 0x5fb83ff05a7b <unknown>\n#9 0x5fb83ff0681e <unknown>\n#10 0x5fb84016b638 <unknown>\n#11 0x5fb84016f507 <unknown>\n#12 0x5fb840179c4c <unknown>\n#13 0x5fb840170136 <unknown>\n#14 0x5fb84013e9cf <unknown>\n#15 0x5fb840193b98 <unknown>\n#16 0x5fb840193d68 <unknown>\n#17 0x5fb8401a2cb3 <unknown>\n#18 0x7a98bce94ac3 <unknown>", "trace": "self = <test_profile.TestProfilePage object at 0x7b10e6fc92a0>\ndriver = <selenium.webdriver.chrome.webdriver.WebDriver (session=\"1387e6556440beeea2e04a1cc36fb184\")>\n\n    @allure.title('Выход из аккаунта')\n    def test_logout(self, driver):\n        main_page = MainPage(driver)\n        main_page.open_main_page()\n        main_page.wait_and_click_account_button()\n        login_page = LoginPage(driver)\n        login_page.login_account(Data.data)\n        main_page.wait_and_click_account_button()\n        profile_page = ProfilePage(driver)\n>       profile_page.click_logout_button()\n\ntests/test_profile.py:40: \n_ _ _ _ _ _ _ _ _ _ _ _ _ _ _ _ _ _ _ _ _ _ _ _ _ _ _ _ _ _ _ _ _ _ _ _ _ _ _ \npages/profile_page.py:15: in click_logout_button\n    self.wait_until_element_clickable(ProfilePageLocators.LOGOUT_BUTTON)\npages/base_page.py:31: in wait_until_element_clickable\n    WebDriverWait(self.driver, timeout).until(expected_conditions.element_to_be_clickable(locator))\n_ _ _ _ _ _ _ _ _ _ _ _ _ _ _ _ _ _ _ _ _ _ _ _ _ _ _ _ _ _ _ _ _ _ _ _ _ _ _ \n\nself = <selenium.webdriver.support.wait.WebDriverWait (session=\"1387e6556440beeea2e04a1cc36fb184\")>\nmethod = <function element_to_be_clickable.<locals>._predicate at 0x7b10e7b34ee0>\nmessage = ''\n\n    def until(self, method: Callable[[D], Union[Literal[False], T]], message: str = \"\") -> T:\n        \"\"\"Calls the method provided with the driver as an argument until the \\\n        return value does not evaluate to ``False``.\n    \n        :param method: callable(WebDriver)\n        :param message: optional message for :exc:`TimeoutException`\n        :returns: the result of the last call to `method`\n        :raises: :exc:`selenium.common.exceptions.TimeoutException` if timeout occurs\n        \"\"\"\n        screen = None\n        stacktrace = None\n    \n        end_time = time.monotonic() + self._timeout\n        while True:\n            try:\n                value = method(self._driver)\n                if value:\n                    return value\n            except self._ignored_exceptions as exc:\n                screen = getattr(exc, \"screen\", None)\n                stacktrace = getattr(exc, \"stacktrace\", None)\n            time.sleep(self._poll)\n            if time.monotonic() > end_time:\n                break\n>       raise TimeoutException(message, screen, stacktrace)\nE       selenium.common.exceptions.TimeoutException: Message: \nE       Stacktrace:\nE       #0 0x5fb8401a9e23 <unknown>\nE       #1 0x5fb83fed27a7 <unknown>\nE       #2 0x5fb83ff111d3 <unknown>\nE       #3 0x5fb83ff112c1 <unknown>\nE       #4 0x5fb83ff4ca04 <unknown>\nE       #5 0x5fb83ff3203d <unknown>\nE       #6 0x5fb83ff4a369 <unknown>\nE       #7 0x5fb83ff31de3 <unknown>\nE       #8 0x5fb83ff05a7b <unknown>\nE       #9 0x5fb83ff0681e <unknown>\nE       #10 0x5fb84016b638 <unknown>\nE       #11 0x5fb84016f507 <unknown>\nE       #12 0x5fb840179c4c <unknown>\nE       #13 0x5fb840170136 <unknown>\nE       #14 0x5fb84013e9cf <unknown>\nE       #15 0x5fb840193b98 <unknown>\nE       #16 0x5fb840193d68 <unknown>\nE       #17 0x5fb8401a2cb3 <unknown>\nE       #18 0x7a98bce94ac3 <unknown>\n\n/home/user/.local/lib/python3.10/site-packages/selenium/webdriver/support/wait.py:105: TimeoutException"}, "steps": [{"name": "Открыть главную страницу Stellar Burgers", "status": "passed", "start": 1722149431316, "stop": 1722149432145}, {"name": "Дождаться и нажать на кнопку Личный кабинет", "status": "passed", "start": 1722149432145, "stop": 1722149432451}, {"name": "Авторизация", "status": "passed", "steps": [{"name": "Ввести почту", "status": "passed", "parameters": [{"name": "email", "value": "'dmitriev_ilya_6_024@gmail.com'"}], "start": 1722149432452, "stop": 1722149432535}, {"name": "Ввести пароль", "status": "passed", "parameters": [{"name": "password", "value": "'123456'"}], "start": 1722149432535, "stop": 1722149432585}, {"name": "Клик на кнопку Войти", "status": "passed", "start": 1722149432585, "stop": 1722149432636}], "parameters": [{"name": "user", "value": "{'name': 'Ilya', 'email': 'dmitriev_ilya_6_024@gmail.com', 'password': '123456'}"}], "start": 1722149432452, "stop": 1722149432636}, {"name": "Дождаться и нажать на кнопку Личный кабинет", "status": "passed", "start": 1722149432637, "stop": 1722149432676}, {"name": "Нажать на кнопку Выход", "status": "broken", "statusDetails": {"message": "selenium.common.exceptions.TimeoutException: Message: \nStacktrace:\n#0 0x5fb8401a9e23 <unknown>\n#1 0x5fb83fed27a7 <unknown>\n#2 0x5fb83ff111d3 <unknown>\n#3 0x5fb83ff112c1 <unknown>\n#4 0x5fb83ff4ca04 <unknown>\n#5 0x5fb83ff3203d <unknown>\n#6 0x5fb83ff4a369 <unknown>\n#7 0x5fb83ff31de3 <unknown>\n#8 0x5fb83ff05a7b <unknown>\n#9 0x5fb83ff0681e <unknown>\n#10 0x5fb84016b638 <unknown>\n#11 0x5fb84016f507 <unknown>\n#12 0x5fb840179c4c <unknown>\n#13 0x5fb840170136 <unknown>\n#14 0x5fb84013e9cf <unknown>\n#15 0x5fb840193b98 <unknown>\n#16 0x5fb840193d68 <unknown>\n#17 0x5fb8401a2cb3 <unknown>\n#18 0x7a98bce94ac3 <unknown>\n\n", "trace": "  File \"/home/user/.local/lib/python3.10/site-packages/allure_commons/_allure.py\", line 192, in impl\n    return func(*a, **kw)\n  File \"/home/user/Рабочий стол/Создать папку/ew/Diplom_3-develop3/pages/profile_page.py\", line 15, in click_logout_button\n    self.wait_until_element_clickable(ProfilePageLocators.LOGOUT_BUTTON)\n  File \"/home/user/Рабочий стол/Создать папку/ew/Diplom_3-develop3/pages/base_page.py\", line 31, in wait_until_element_clickable\n    WebDriverWait(self.driver, timeout).until(expected_conditions.element_to_be_clickable(locator))\n  File \"/home/user/.local/lib/python3.10/site-packages/selenium/webdriver/support/wait.py\", line 105, in until\n    raise TimeoutException(message, screen, stacktrace)\n"}, "start": 1722149432676, "stop": 1722149453070}], "parameters": [{"name": "driver", "value": "'chrome'"}], "start": 1722149431315, "stop": 1722149453071, "uuid": "607d3f28-e1c5-4190-9aed-8e91abf2137d", "historyId": "dae9a412a891dd8fb0c47065b86622f6", "testCaseId": "4a5a837107796c4b6a2797973ccb5762", "fullName": "tests.test_profile.TestProfilePage#test_logout", "labels": [{"name": "parentSuite", "value": "tests"}, {"name": "suite", "value": "test_profile"}, {"name": "subSuite", "value": "TestProfilePage"}, {"name": "host", "value": "user"}, {"name": "thread", "value": "12842-MainThread"}, {"name": "framework", "value": "pytest"}, {"name": "language", "value": "cpython3"}, {"name": "package", "value": "tests.test_profile"}]}