{"name": "Залогиненный пользователь может оформить заказ", "status": "broken", "statusDetails": {"message": "selenium.common.exceptions.TimeoutException: Message:", "trace": "self = <test_main_page.TestMainPage object at 0x7531026f92d0>\ndriver = <selenium.webdriver.chrome.webdriver.WebDriver (session=\"fac3e91dc56ec6c39d564264b57e7739\")>\n\n    @allure.title('Залогиненный пользователь может оформить заказ')\n    def test_make_order_auth_user(self, driver):\n        main_page = MainPage(driver)\n        main_page.open_main_page()\n        main_page.wait_and_click_account_button()\n        login_page = LoginPage(driver)\n        login_page.login_account(Data.data)\n        main_page.ingredient_drag_and_drop()\n        main_page.click_order_button()\n>       assert main_page.id_modal_is_displayed() == True\n\ntests/test_main_page.py:60: \n_ _ _ _ _ _ _ _ _ _ _ _ _ _ _ _ _ _ _ _ _ _ _ _ _ _ _ _ _ _ _ _ _ _ _ _ _ _ _ _ \npages/main_page.py:54: in id_modal_is_displayed\n    self.wait_until_element_clickable(MainPageLocators.INGREDIENT_MODAL_CLOSE)\npages/base_page.py:40: in wait_until_element_clickable\n    WebDriverWait(self.driver, 20).until(expected_conditions.element_to_be_clickable(locator))\n_ _ _ _ _ _ _ _ _ _ _ _ _ _ _ _ _ _ _ _ _ _ _ _ _ _ _ _ _ _ _ _ _ _ _ _ _ _ _ _ \n\nself = <selenium.webdriver.support.wait.WebDriverWait (session=\"fac3e91dc56ec6c39d564264b57e7739\")>\nmethod = <function element_to_be_clickable.<locals>._predicate at 0x753102fedcf0>\nmessage = ''\n\n    def until(self, method: Callable[[D], Union[Literal[False], T]], message: str = \"\") -> T:\n        \"\"\"Calls the method provided with the driver as an argument until the \\\n        return value does not evaluate to ``False``.\n    \n        :param method: callable(WebDriver)\n        :param message: optional message for :exc:`TimeoutException`\n        :returns: the result of the last call to `method`\n        :raises: :exc:`selenium.common.exceptions.TimeoutException` if timeout occurs\n        \"\"\"\n        screen = None\n        stacktrace = None\n    \n        end_time = time.monotonic() + self._timeout\n        while True:\n            try:\n                value = method(self._driver)\n                if value:\n                    return value\n            except self._ignored_exceptions as exc:\n                screen = getattr(exc, \"screen\", None)\n                stacktrace = getattr(exc, \"stacktrace\", None)\n            time.sleep(self._poll)\n            if time.monotonic() > end_time:\n                break\n>       raise TimeoutException(message, screen, stacktrace)\nE       selenium.common.exceptions.TimeoutException: Message:\n\n/home/user/.local/lib/python3.10/site-packages/selenium/webdriver/support/wait.py:105: TimeoutException"}, "steps": [{"name": "Открыть главную страницу Stellar Burgers", "status": "passed", "start": 1721928486476, "stop": 1721928488823}, {"name": "Дождаться и нажать на кнопку Личный кабинет", "status": "passed", "start": 1721928488824, "stop": 1721928488900}, {"name": "Авторизация", "status": "passed", "steps": [{"name": "Ввести почту", "status": "passed", "parameters": [{"name": "email", "value": "'dmitriev_ilya_6_024@gmail.com'"}], "start": 1721928488901, "stop": 1721928488989}, {"name": "Ввести пароль", "status": "passed", "parameters": [{"name": "password", "value": "'123456'"}], "start": 1721928488989, "stop": 1721928489052}, {"name": "Клик на кнопку Войти", "status": "passed", "start": 1721928489052, "stop": 1721928489104}], "parameters": [{"name": "user", "value": "{'name': 'Ilya', 'email': 'dmitriev_ilya_6_024@gmail.com', 'password': '123456'}"}], "start": 1721928488901, "stop": 1721928489104}, {"name": "Перетащить ингредиент в корзину", "status": "passed", "start": 1721928489104, "stop": 1721928490177}, {"name": "Клик на кнопку Оформить заказ", "status": "passed", "start": 1721928490177, "stop": 1721928490224}, {"name": "Отображение модального окна с номером заказа", "status": "broken", "statusDetails": {"message": "selenium.common.exceptions.TimeoutException: Message: \n\n", "trace": "  File \"/home/user/.local/lib/python3.10/site-packages/allure_commons/_allure.py\", line 192, in impl\n    return func(*a, **kw)\n  File \"/tmp/e/Диплом Дмитриев/Diplom_3-develop3/pages/main_page.py\", line 54, in id_modal_is_displayed\n    self.wait_until_element_clickable(MainPageLocators.INGREDIENT_MODAL_CLOSE)\n  File \"/tmp/e/Диплом Дмитриев/Diplom_3-develop3/pages/base_page.py\", line 40, in wait_until_element_clickable\n    WebDriverWait(self.driver, 20).until(expected_conditions.element_to_be_clickable(locator))\n  File \"/home/user/.local/lib/python3.10/site-packages/selenium/webdriver/support/wait.py\", line 105, in until\n    raise TimeoutException(message, screen, stacktrace)\n"}, "start": 1721928490224, "stop": 1721928510232}], "parameters": [{"name": "driver", "value": "'chrome'"}], "start": 1721928486476, "stop": 1721928510240, "uuid": "6b91c285-f967-463c-8924-4b70c19592ea", "historyId": "28cd2038f3c87d7eec70184c435f8d9a", "testCaseId": "b667ebbc7e4d26820146f1acbd6e47d1", "fullName": "tests.test_main_page.TestMainPage#test_make_order_auth_user", "labels": [{"name": "parentSuite", "value": "tests"}, {"name": "suite", "value": "test_main_page"}, {"name": "subSuite", "value": "TestMainPage"}, {"name": "host", "value": "user"}, {"name": "thread", "value": "7908-MainThread"}, {"name": "framework", "value": "pytest"}, {"name": "language", "value": "cpython3"}, {"name": "package", "value": "tests.test_main_page"}]}