{"name": "Залогиненный пользователь может оформить заказ", "status": "broken", "statusDetails": {"message": "selenium.common.exceptions.TimeoutException: Message:", "trace": "self = <test_main_page.TestMainPage object at 0x7b10e6fca5f0>\nmain_page = <pages.main_page.MainPage object at 0x7b10e7b2fc40>\nlogin_page = <pages.login_page.LoginPage object at 0x7b10e7b2eb00>\n\n    @allure.title('Залогиненный пользователь может оформить заказ')\n    def test_make_order_auth_user(self, main_page,login_page):\n        main_page.open_main_page()\n        main_page.wait_and_click_account_button()\n        login_page.login_account(Data.data)\n        main_page.ingredient_drag_and_drop()\n        main_page.click_order_button()\n>       assert main_page.id_modal_is_displayed() == True\n\ntests/test_main_page.py:51: \n_ _ _ _ _ _ _ _ _ _ _ _ _ _ _ _ _ _ _ _ _ _ _ _ _ _ _ _ _ _ _ _ _ _ _ _ _ _ _ \npages/main_page.py:54: in id_modal_is_displayed\n    self.wait_until_element_clickable(MainPageLocators.INGREDIENT_MODAL_CLOSE)\npages/base_page.py:31: in wait_until_element_clickable\n    WebDriverWait(self.driver, timeout).until(expected_conditions.element_to_be_clickable(locator))\n_ _ _ _ _ _ _ _ _ _ _ _ _ _ _ _ _ _ _ _ _ _ _ _ _ _ _ _ _ _ _ _ _ _ _ _ _ _ _ \n\nself = <selenium.webdriver.support.wait.WebDriverWait (session=\"7dc13d047d640be2397a685d652743e0\")>\nmethod = <function element_to_be_clickable.<locals>._predicate at 0x7b10e7b30550>\nmessage = ''\n\n    def until(self, method: Callable[[D], Union[Literal[False], T]], message: str = \"\") -> T:\n        \"\"\"Calls the method provided with the driver as an argument until the \\\n        return value does not evaluate to ``False``.\n    \n        :param method: callable(WebDriver)\n        :param message: optional message for :exc:`TimeoutException`\n        :returns: the result of the last call to `method`\n        :raises: :exc:`selenium.common.exceptions.TimeoutException` if timeout occurs\n        \"\"\"\n        screen = None\n        stacktrace = None\n    \n        end_time = time.monotonic() + self._timeout\n        while True:\n            try:\n                value = method(self._driver)\n                if value:\n                    return value\n            except self._ignored_exceptions as exc:\n                screen = getattr(exc, \"screen\", None)\n                stacktrace = getattr(exc, \"stacktrace\", None)\n            time.sleep(self._poll)\n            if time.monotonic() > end_time:\n                break\n>       raise TimeoutException(message, screen, stacktrace)\nE       selenium.common.exceptions.TimeoutException: Message:\n\n/home/user/.local/lib/python3.10/site-packages/selenium/webdriver/support/wait.py:105: TimeoutException"}, "steps": [{"name": "Открыть главную страницу Stellar Burgers", "status": "passed", "start": 1722149326756, "stop": 1722149327476}, {"name": "Дождаться и нажать на кнопку Личный кабинет", "status": "passed", "start": 1722149327476, "stop": 1722149327731}, {"name": "Авторизация", "status": "passed", "steps": [{"name": "Ввести почту", "status": "passed", "parameters": [{"name": "email", "value": "'dmitriev_ilya_6_024@gmail.com'"}], "start": 1722149327731, "stop": 1722149327812}, {"name": "Ввести пароль", "status": "passed", "parameters": [{"name": "password", "value": "'123456'"}], "start": 1722149327812, "stop": 1722149327861}, {"name": "Клик на кнопку Войти", "status": "passed", "start": 1722149327861, "stop": 1722149327911}], "parameters": [{"name": "user", "value": "{'name': 'Ilya', 'email': 'dmitriev_ilya_6_024@gmail.com', 'password': '123456'}"}], "start": 1722149327731, "stop": 1722149327912}, {"name": "Перетащить ингредиент в корзину", "status": "passed", "start": 1722149327912, "stop": 1722149328988}, {"name": "Клик на кнопку Оформить заказ", "status": "passed", "start": 1722149328988, "stop": 1722149329032}, {"name": "Отображение модального окна с номером заказа", "status": "broken", "statusDetails": {"message": "selenium.common.exceptions.TimeoutException: Message: \n\n", "trace": "  File \"/home/user/.local/lib/python3.10/site-packages/allure_commons/_allure.py\", line 192, in impl\n    return func(*a, **kw)\n  File \"/home/user/Рабочий стол/Создать папку/ew/Diplom_3-develop3/pages/main_page.py\", line 54, in id_modal_is_displayed\n    self.wait_until_element_clickable(MainPageLocators.INGREDIENT_MODAL_CLOSE)\n  File \"/home/user/Рабочий стол/Создать папку/ew/Diplom_3-develop3/pages/base_page.py\", line 31, in wait_until_element_clickable\n    WebDriverWait(self.driver, timeout).until(expected_conditions.element_to_be_clickable(locator))\n  File \"/home/user/.local/lib/python3.10/site-packages/selenium/webdriver/support/wait.py\", line 105, in until\n    raise TimeoutException(message, screen, stacktrace)\n"}, "start": 1722149329033, "stop": 1722149349054}], "parameters": [{"name": "driver", "value": "'chrome'"}], "start": 1722149326756, "stop": 1722149349062, "uuid": "1d1d5637-86c1-47f7-b9ce-17ad0fc7bc13", "historyId": "28cd2038f3c87d7eec70184c435f8d9a", "testCaseId": "b667ebbc7e4d26820146f1acbd6e47d1", "fullName": "tests.test_main_page.TestMainPage#test_make_order_auth_user", "labels": [{"name": "parentSuite", "value": "tests"}, {"name": "suite", "value": "test_main_page"}, {"name": "subSuite", "value": "TestMainPage"}, {"name": "host", "value": "user"}, {"name": "thread", "value": "12842-MainThread"}, {"name": "framework", "value": "pytest"}, {"name": "language", "value": "cpython3"}, {"name": "package", "value": "tests.test_main_page"}]}